0 info it worked if it ends with ok
1 verbose cli [ '/usr/local/bin/node',
1 verbose cli   '/usr/local/bin/npm',
1 verbose cli   'install',
1 verbose cli   '-g',
1 verbose cli   'cordova' ]
2 info using npm@3.7.4
3 info using node@v5.2.0
4 verbose stack Error: Cannot find module 'read-package-json'
4 verbose stack     at Function.Module._resolveFilename (module.js:327:15)
4 verbose stack     at Function.Module._load (module.js:278:25)
4 verbose stack     at Module.require (module.js:355:17)
4 verbose stack     at require (internal/module.js:13:17)
4 verbose stack     at Object.<anonymous> (/usr/local/lib/node_modules/npm/node_modules/read-package-tree/rpt.js:2:11)
4 verbose stack     at Module._compile (module.js:399:26)
4 verbose stack     at Object.Module._extensions..js (module.js:406:10)
4 verbose stack     at Module.load (module.js:345:32)
4 verbose stack     at Function.Module._load (module.js:302:12)
4 verbose stack     at Module.require (module.js:355:17)
4 verbose stack     at require (internal/module.js:13:17)
5 verbose cwd /Users/lichen/Desktop/web/coursera_mobile/conFusion
6 error Darwin 15.2.0
7 error argv "/usr/local/bin/node" "/usr/local/bin/npm" "install" "-g" "cordova"
8 error node v5.2.0
9 error npm  v3.7.4
10 error code MODULE_NOT_FOUND
11 error Cannot find module 'read-package-json'
12 error If you need help, you may report this error at:
12 error     <https://github.com/npm/npm/issues>
13 verbose exit [ 1, true ]
